<?xml version="1.0" encoding="UTF-8"?>
<!-- Generated by org.testng.reporters.JUnitReportReporter -->
<testsuite hostname="US107507WIN" failures="0" tests="2" name="LegacyApplication.MavenJava.SeleniumTest" time="10.307" errors="0" timestamp="2021-07-21T14:20:57 EEST" skipped="0">
  <testcase classname="LegacyApplication.MavenJava.SeleniumTest" name="TestOne" time="10.306"/>
  <system-out/>
  <testcase classname="LegacyApplication.MavenJava.SeleniumTest" name="TestTwo" time="0.001"/>
  <system-out/>
</testsuite> <!-- LegacyApplication.MavenJava.SeleniumTest -->
