<?xml version="1.0" encoding="UTF-8"?>
<!-- Generated by org.testng.reporters.JUnitReportReporter -->
<testsuite hostname="US107559WIN" failures="0" tests="1" name="com.bottomline.tests.LoginTest" time="9.038" errors="0" timestamp="2021-07-23T12:28:27 EEST" skipped="0">
  <testcase classname="com.bottomline.tests.LoginTest" name="login" time="9.038"/>
  <system-out/>
</testsuite> <!-- com.bottomline.tests.LoginTest -->
